<?xml version="1.0" encoding="UTF-8"?>
<!-- Generated by org.testng.reporters.JUnitXMLReporter -->
<testsuite ignored="0" hostname="LAPTOP-CNPB3TNK" failures="0" tests="7" name="test-1" time="10.896" errors="0" timestamp="2024-10-07T11:58:22 IST">
  <testcase classname="com.spree.test.Countries" name="T01_getDefaultCountries" time="2.596"/>
  <testcase classname="com.spree.test.Countries" name="T02_retrieveaCountry" time="0.864"/>
  <testcase classname="com.spree.test.Countries" name="T02_retrieveaCountry" time="3.573"/>
  <testcase classname="com.spree.test.Countries" name="T02_retrieveaCountry" time="0.37"/>
  <testcase classname="com.spree.test.Countries" name="T02_retrieveaCountry" time="0.349"/>
  <testcase classname="com.spree.test.Countries" name="T02_retrieveaCountry" time="0.377"/>
  <testcase classname="com.spree.test.Countries" name="T03_listallCountries" time="1.862"/>
</testsuite> <!-- test-1 -->
