<?xml version="1.0" encoding="UTF-8"?>
<!-- Generated by org.testng.reporters.JUnitReportReporter -->
<testsuite hostname="LAPTOP-CNPB3TNK" failures="0" tests="12" name="com.spree.test.Address" time="21.988" errors="2" timestamp="2024-05-13T12:21:48 IST" skipped="1">
  <testcase classname="com.spree.test.Address" name="T01_createAnAddress" time="1.014"/>
  <system-out/>
  <testcase classname="com.spree.test.Address" name="T02_updateAddress" time="1.107"/>
  <system-out/>
  <testcase classname="com.spree.test.Address" name="T03_deleteAnAddress" time="0.818"/>
  <system-out/>
  <testcase classname="com.spree.test.Address" name="T04_addMultipleAddress" time="2.557"/>
  <system-out/>
  <testcase classname="com.spree.test.Address" name="T04_addMultipleAddress" time="1.808"/>
  <system-out/>
  <testcase classname="com.spree.test.Address" name="T04_addMultipleAddress" time="2.064"/>
  <system-out/>
  <testcase classname="com.spree.test.Address" name="T04_addMultipleAddress" time="2.042"/>
  <system-out/>
  <testcase classname="com.spree.test.Address" name="T04_addMultipleAddress" time="2.070"/>
  <system-out/>
  <testcase classname="com.spree.test.Address" name="T05_getAllAddressBeforeDeleteAll" time="0.931">
    <error message="Cannot invoke &quot;Object.toString()&quot; because the return value of &quot;io.restassured.path.json.JsonPath.get(String)&quot; is null" type="java.lang.NullPointerException">
      <![CDATA[java.lang.NullPointerException: Cannot invoke "Object.toString()" because the return value of "io.restassured.path.json.JsonPath.get(String)" is null
at com.spree.util.RestResponseUtil.checkValue(RestResponseUtil.java:27)
at com.spree.test.Address.T05_getAllAddressBeforeDeleteAll(Address.java:106)
at java.base/jdk.internal.reflect.NativeMethodAccessorImpl.invoke0(Native Method)
at java.base/jdk.internal.reflect.NativeMethodAccessorImpl.invoke(NativeMethodAccessorImpl.java:78)
at java.base/jdk.internal.reflect.DelegatingMethodAccessorImpl.invoke(DelegatingMethodAccessorImpl.java:43)
at java.base/java.lang.reflect.Method.invoke(Method.java:567)
at org.testng.internal.MethodInvocationHelper.invokeMethod(MethodInvocationHelper.java:133)
at org.testng.internal.TestInvoker.invokeMethod(TestInvoker.java:598)
at org.testng.internal.TestInvoker.invokeTestMethod(TestInvoker.java:173)
at org.testng.internal.MethodRunner.runInSequence(MethodRunner.java:46)
at org.testng.internal.TestInvoker$MethodInvocationAgent.invoke(TestInvoker.java:824)
at org.testng.internal.TestInvoker.invokeTestMethods(TestInvoker.java:146)
at org.testng.internal.TestMethodWorker.invokeTestMethods(TestMethodWorker.java:146)
at org.testng.internal.TestMethodWorker.run(TestMethodWorker.java:128)
at java.base/java.util.ArrayList.forEach(ArrayList.java:1511)
at org.testng.TestRunner.privateRun(TestRunner.java:794)
at org.testng.TestRunner.run(TestRunner.java:596)
at org.testng.SuiteRunner.runTest(SuiteRunner.java:377)
at org.testng.SuiteRunner.runSequentially(SuiteRunner.java:371)
at org.testng.SuiteRunner.privateRun(SuiteRunner.java:332)
at org.testng.SuiteRunner.run(SuiteRunner.java:276)
at org.testng.SuiteRunnerWorker.runSuite(SuiteRunnerWorker.java:53)
at org.testng.SuiteRunnerWorker.run(SuiteRunnerWorker.java:96)
at org.testng.TestNG.runSuitesSequentially(TestNG.java:1212)
at org.testng.TestNG.runSuitesLocally(TestNG.java:1134)
at org.testng.TestNG.runSuites(TestNG.java:1063)
at org.testng.TestNG.run(TestNG.java:1031)
at org.testng.remote.AbstractRemoteTestNG.run(AbstractRemoteTestNG.java:115)
at org.testng.remote.RemoteTestNG.initAndRun(RemoteTestNG.java:251)
at org.testng.remote.RemoteTestNG.main(RemoteTestNG.java:77)
]]>
    </error>
  </testcase> <!-- T05_getAllAddressBeforeDeleteAll -->
  <system-out/>
  <testcase classname="com.spree.test.Address" name="T06_deleteAllAddress" time="6.682"/>
  <system-out/>
  <testcase classname="com.spree.test.Address" name="T07_getAllAddressAfterDeleteAll" time="0.895">
    <error message="Cannot invoke &quot;Object.toString()&quot; because the return value of &quot;io.restassured.path.json.JsonPath.get(String)&quot; is null" type="java.lang.NullPointerException">
      <![CDATA[java.lang.NullPointerException: Cannot invoke "Object.toString()" because the return value of "io.restassured.path.json.JsonPath.get(String)" is null
at com.spree.util.RestResponseUtil.checkValue(RestResponseUtil.java:27)
at com.spree.test.Address.T07_getAllAddressAfterDeleteAll(Address.java:119)
at java.base/jdk.internal.reflect.NativeMethodAccessorImpl.invoke0(Native Method)
at java.base/jdk.internal.reflect.NativeMethodAccessorImpl.invoke(NativeMethodAccessorImpl.java:78)
at java.base/jdk.internal.reflect.DelegatingMethodAccessorImpl.invoke(DelegatingMethodAccessorImpl.java:43)
at java.base/java.lang.reflect.Method.invoke(Method.java:567)
at org.testng.internal.MethodInvocationHelper.invokeMethod(MethodInvocationHelper.java:133)
at org.testng.internal.TestInvoker.invokeMethod(TestInvoker.java:598)
at org.testng.internal.TestInvoker.invokeTestMethod(TestInvoker.java:173)
at org.testng.internal.MethodRunner.runInSequence(MethodRunner.java:46)
at org.testng.internal.TestInvoker$MethodInvocationAgent.invoke(TestInvoker.java:824)
at org.testng.internal.TestInvoker.invokeTestMethods(TestInvoker.java:146)
at org.testng.internal.TestMethodWorker.invokeTestMethods(TestMethodWorker.java:146)
at org.testng.internal.TestMethodWorker.run(TestMethodWorker.java:128)
at java.base/java.util.ArrayList.forEach(ArrayList.java:1511)
at org.testng.TestRunner.privateRun(TestRunner.java:794)
at org.testng.TestRunner.run(TestRunner.java:596)
at org.testng.SuiteRunner.runTest(SuiteRunner.java:377)
at org.testng.SuiteRunner.runSequentially(SuiteRunner.java:371)
at org.testng.SuiteRunner.privateRun(SuiteRunner.java:332)
at org.testng.SuiteRunner.run(SuiteRunner.java:276)
at org.testng.SuiteRunnerWorker.runSuite(SuiteRunnerWorker.java:53)
at org.testng.SuiteRunnerWorker.run(SuiteRunnerWorker.java:96)
at org.testng.TestNG.runSuitesSequentially(TestNG.java:1212)
at org.testng.TestNG.runSuitesLocally(TestNG.java:1134)
at org.testng.TestNG.runSuites(TestNG.java:1063)
at org.testng.TestNG.run(TestNG.java:1031)
at org.testng.remote.AbstractRemoteTestNG.run(AbstractRemoteTestNG.java:115)
at org.testng.remote.RemoteTestNG.initAndRun(RemoteTestNG.java:251)
at org.testng.remote.RemoteTestNG.main(RemoteTestNG.java:77)
]]>
    </error>
  </testcase> <!-- T07_getAllAddressAfterDeleteAll -->
  <system-out/>
  <testcase classname="com.spree.test.Address" name="addAddressSameLabel">
    <skipped/>
  </testcase> <!-- addAddressSameLabel -->
  <system-out/>
</testsuite> <!-- com.spree.test.Address -->
