<?xml version="1.0" encoding="UTF-8"?>
<!-- Generated by org.testng.reporters.JUnitReportReporter -->
<testsuite hostname="LAPTOP-CNPB3TNK" failures="0" tests="7" name="com.spree.test.Countries" time="10.003" errors="0" timestamp="2024-10-07T11:58:23 IST" skipped="0">
  <testcase classname="com.spree.test.Countries" name="T01_getDefaultCountries" time="2.596"/>
  <system-out/>
  <testcase classname="com.spree.test.Countries" name="T02_retrieveaCountry" time="3.574"/>
  <system-out/>
  <testcase classname="com.spree.test.Countries" name="T02_retrieveaCountry" time="0.378"/>
  <system-out/>
  <testcase classname="com.spree.test.Countries" name="T02_retrieveaCountry" time="0.872"/>
  <system-out/>
  <testcase classname="com.spree.test.Countries" name="T02_retrieveaCountry" time="0.349"/>
  <system-out/>
  <testcase classname="com.spree.test.Countries" name="T02_retrieveaCountry" time="0.371"/>
  <system-out/>
  <testcase classname="com.spree.test.Countries" name="T03_listallCountries" time="1.863"/>
  <system-out/>
</testsuite> <!-- com.spree.test.Countries -->
